<?xml version="1.0" encoding="UTF-8"?>
<testng-results ignored="0" total="2" passed="2" failed="0" skipped="0">
  <reporter-output>
  </reporter-output>
  <suite started-at="2024-03-20T10:14:31 IST" name="Suite" finished-at="2024-03-20T10:14:31 IST" duration-ms="47">
    <groups>
    </groups>
    <test started-at="2024-03-20T10:14:31 IST" name="Test" finished-at="2024-03-20T10:14:31 IST" duration-ms="47">
      <class name="TestNG.NewTestNG">
        <test-method signature="test1()[pri:0, instance:TestNG.NewTestNG@77888435]" started-at="2024-03-20T10:14:31 IST" name="test1" finished-at="2024-03-20T10:14:31 IST" duration-ms="9" status="PASS">
          <reporter-output>
          </reporter-output>
        </test-method> <!-- test1 -->
        <test-method signature="test2()[pri:0, instance:TestNG.NewTestNG@77888435]" started-at="2024-03-20T10:14:31 IST" name="test2" finished-at="2024-03-20T10:14:31 IST" duration-ms="1" status="PASS">
          <reporter-output>
          </reporter-output>
        </test-method> <!-- test2 -->
      </class> <!-- TestNG.NewTestNG -->
    </test> <!-- Test -->
  </suite> <!-- Suite -->
</testng-results>
