<?xml version="1.0" encoding="UTF-8"?>
<!-- Generated by org.testng.reporters.JUnitXMLReporter -->
<testsuite ignored="0" hostname="LTIN488142" failures="1" tests="3" name="EdgeTest" time="54.477" errors="0" timestamp="2024-04-12T10:03:22 IST">
  <testcase classname="testCases.TC_GiftCards" name="go_to_the_gift_cards_page" time="41.222"/>
  <testcase classname="testCases.TC_GiftCards" name="click_the_birthday_or_anniversary_card" time="2.341"/>
  <testcase classname="testCases.TC_GiftCards" name="fill_customize_your_gift_card_with_valid_price_date_and_click_next_button" time="0.002">
    <failure type="java.io.FileNotFoundException" message="C:\Users\2318452\eclipse-workspace\Hackathon_TestNG\src\test\resources\wanted.properties (The system cannot find the file specified)">
      <![CDATA[java.io.FileNotFoundException: C:\Users\2318452\eclipse-workspace\Hackathon_TestNG\src\test\resources\wanted.properties (The system cannot find the file specified)
at java.base/java.io.FileInputStream.open0(Native Method)
at java.base/java.io.FileInputStream.open(FileInputStream.java:216)
at java.base/java.io.FileInputStream.<init>(FileInputStream.java:157)
at java.base/java.io.FileInputStream.<init>(FileInputStream.java:111)
at java.base/java.io.FileReader.<init>(FileReader.java:60)
at baseClass.BaseClass.getProperties(BaseClass.java:75)
at testCases.TC_GiftCards.fill_customize_your_gift_card_with_valid_price_date_and_click_next_button(TC_GiftCards.java:44)
at java.base/java.util.ArrayList.forEach(ArrayList.java:1511)
... Removed 27 stack frames]]>
    </failure>
  </testcase> <!-- fill_customize_your_gift_card_with_valid_price_date_and_click_next_button -->
</testsuite> <!-- EdgeTest -->
